<?xml version="1.0" encoding="UTF-8"?>
<!-- Generated by org.testng.reporters.JUnitReportReporter -->
<testsuite hostname="LAPTOP-116NDJE9" failures="0" tests="1" name="com.demoshop.test.RegisterationTest" time="10.326" errors="0" timestamp="2024-09-26T12:28:44 IST" skipped="0">
  <testcase classname="com.demoshop.test.RegisterationTest" name="verifyUserIsAbleToRegisterUsingCorrectCreds" time="10.326"/>
</testsuite> <!-- com.demoshop.test.RegisterationTest -->
