<?xml version="1.0" encoding="UTF-8"?>
<!-- Generated by org.testng.reporters.JUnitReportReporter -->
<testsuite hostname="LAPTOP-116NDJE9" failures="0" tests="1" name="com.demoshop.test.LoginTest" time="7.656" errors="0" timestamp="2024-10-04T09:08:17 IST" skipped="0">
  <testcase classname="com.demoshop.test.LoginTest" name="verifyUserIsAbleToLoginWithValidCreds" time="7.656"/>
</testsuite> <!-- com.demoshop.test.LoginTest -->
