<?xml version="1.0" encoding="UTF-8"?>
<!-- Generated by org.testng.reporters.JUnitReportReporter -->
<testsuite hostname="LAPTOP-116NDJE9" failures="0" tests="1" name="com.demoshop.test.DiamondSearchTest" time="12.622" errors="0" timestamp="2024-10-02T19:09:20 IST" skipped="0">
  <testcase classname="com.demoshop.test.DiamondSearchTest" name="verifyToSearchProduct" time="12.622"/>
</testsuite> <!-- com.demoshop.test.DiamondSearchTest -->
