<?xml version="1.0" encoding="UTF-8"?>
<!-- Generated by org.testng.reporters.JUnitReportReporter -->
<testsuite hostname="LAPTOP-116NDJE9" failures="0" tests="1" name="com.demoshop.test.AddToCartTest" time="8.397" errors="0" timestamp="2024-10-10T23:58:16 IST" skipped="0">
  <testcase classname="com.demoshop.test.AddToCartTest" name="verifyUserIsAbletoAddProductToCart" time="8.397"/>
</testsuite> <!-- com.demoshop.test.AddToCartTest -->
