<?xml version="1.0" encoding="UTF-8"?>
<!-- Generated by org.testng.reporters.JUnitReportReporter -->
<testsuite hostname="LAPTOP-116NDJE9" failures="0" tests="1" name="com.demoshop.test.RegisterationDP" time="43.261" errors="0" timestamp="2024-10-10T22:50:22 IST" skipped="0">
  <testcase classname="com.demoshop.test.RegisterationDP" name="verifyUserIsAbleToMultipleRegisterUsingCorrectCreds" time="43.261"/>
</testsuite> <!-- com.demoshop.test.RegisterationDP -->
