<?xml version="1.0" encoding="UTF-8"?>
<!-- Generated by org.testng.reporters.JUnitReportReporter -->
<testsuite hostname="LAPTOP-116NDJE9" failures="0" tests="1" name="com.demoshop.test.E2ECheckoutTest" time="17.671" errors="0" timestamp="2024-10-09T11:29:43 IST" skipped="0">
  <testcase classname="com.demoshop.test.E2ECheckoutTest" name="verifyNewUserRegistersAndCheckoutProduct" time="17.671"/>
</testsuite> <!-- com.demoshop.test.E2ECheckoutTest -->
