<?xml version="1.0" encoding="UTF-8"?>
<!-- Generated by org.testng.reporters.JUnitReportReporter -->
<testsuite hostname="LAPTOP-116NDJE9" failures="0" tests="1" name="com.demoshop.test.RemoveProductTest" time="16.903" errors="0" timestamp="2024-10-14T18:10:04 IST" skipped="0">
  <testcase classname="com.demoshop.test.RemoveProductTest" name="verifyUserIsAbletoRemoveProductFromCart" time="16.903"/>
</testsuite> <!-- com.demoshop.test.RemoveProductTest -->
