<?xml version="1.0" encoding="UTF-8"?>
<!-- Generated by org.testng.reporters.JUnitReportReporter -->
<testsuite hostname="LAPTOP-116NDJE9" failures="0" tests="1" name="com.demoshop.test.E2ECheckoutTest" time="37.687" errors="0" timestamp="2024-10-14T18:10:04 IST" skipped="0">
  <testcase classname="com.demoshop.test.E2ECheckoutTest" name="verifyNewUserRegistersAndCheckoutProduct" time="37.687"/>
</testsuite> <!-- com.demoshop.test.E2ECheckoutTest -->
