<?xml version="1.0" encoding="UTF-8"?>
<!-- Generated by org.testng.reporters.JUnitReportReporter -->
<testsuite hostname="LAPTOP-116NDJE9" failures="0" tests="1" name="com.demoshop.test.SearchTest" time="29.960" errors="0" timestamp="2024-10-11T00:56:50 IST" skipped="0">
  <testcase classname="com.demoshop.test.SearchTest" name="verifyUserIsAbletoSearchDesiredProducts" time="29.960"/>
</testsuite> <!-- com.demoshop.test.SearchTest -->
