<?xml version="1.0" encoding="UTF-8"?>
<!-- Generated by org.testng.reporters.JUnitReportReporter -->
<testsuite hostname="LAPTOP-116NDJE9" failures="0" tests="1" name="com.demoshop.test.SubscriptionTest" time="10.339" errors="0" timestamp="2024-10-11T00:56:50 IST" skipped="0">
  <testcase classname="com.demoshop.test.SubscriptionTest" name="verifyUserIsAbleToSubscribeWithValidEmail" time="10.339"/>
</testsuite> <!-- com.demoshop.test.SubscriptionTest -->
